<?xml version="1.0" encoding="UTF-8"?>
<testsuite name="org.example.Tasks.Model.TaskListTest" tests="2" skipped="0" failures="0" errors="0" timestamp="2024-05-26T16:37:01" hostname="Sayeeds-MacBook-Pro-2.local" time="0.032">
  <properties/>
  <testcase name="shouldAddTask()" classname="org.example.Tasks.Model.TaskListTest" time="0.029"/>
  <testcase name="shouldGetTasksDueToday()" classname="org.example.Tasks.Model.TaskListTest" time="0.002"/>
  <system-out><![CDATA[]]></system-out>
  <system-err><![CDATA[]]></system-err>
</testsuite>
